time mem_used
1683910309 420401152
1683910309 420659200
1683910314 666525696
1683910319 647712768
1683910324 599171072
1683910329 624578560
1683910334 645455872
1683910339 945610752
1683910344 1032564736
1683910349 1052778496
1683910354 1053466624
1683910359 1054425088
1683910364 1084907520
1683910369 1148227584
1683910374 1154101248
1683910379 1166143488
1683910384 1197121536
1683910389 1183326208
1683910394 1198522368
1683910399 1201963008
1683910404 1233952768
1683910409 1258983424
1683910414 1298382848
1683910419 1320357888
1683910424 1353101312
1683910430 1360531456
1683910435 1389760512
1683910440 1402564608
1683910445 1450225664
1683910450 1520713728
1683910455 1540763648
1683910460 1588400128
1683910465 1617592320
1683910470 1652076544
1683910475 1750671360
1683910480 1797070848
1683910485 1792188416
1683910490 1829470208
1683910495 1830801408
1683910500 1832632320
1683910505 1838800896
1683910510 1855934464
1683910515 1860202496
1683910520 521457664
1683910525 627888128
