time mem_used
1683922871 406769664
1683922871 407027712
1683922876 643432448
1683922881 586231808
1683922886 619433984
1683922891 618119168
1683922896 642007040
1683922901 932597760
1683922907 1024696320
1683922912 1032785920
1683922917 1034473472
1683922922 1044410368
1683922927 1079050240
1683922932 1134153728
1683922937 1139089408
1683922942 1165631488
1683922947 1174953984
1683922952 1189543936
1683922957 1193336832
1683922962 1188990976
1683922967 1256947712
1683922972 1309470720
1683922977 1303764992
1683922982 1334960128
1683922987 1398427648
1683922992 1400569856
1683922997 1460056064
1683923002 1495187456
1683923007 1551749120
1683923012 1603076096
1683923017 1612836864
1683923022 1667252224
1683923027 1779949568
1683923032 1802326016
1683923037 1820110848
1683923042 1829224448
1683923047 1835540480
1683923052 1837297664
1683923057 1836740608
1683923062 1841946624
1683923067 1857552384
1683923072 1331003392
1683923077 660189184
1683923082 557776896
