time mem_used
1684185667 377982976
1684185667 377204736
1684185672 584499200
1684185678 502697984
1684185683 549773312
1684185688 531464192
1684185693 588873728
1684185698 915427328
1684185703 997416960
1684185708 1005588480
1684185713 1006931968
1684185718 1021181952
1684185723 1078579200
1684185728 1092886528
1684185733 1134141440
1684185738 1137377280
1684185743 1152487424
1684185748 1210322944
1684185753 1208373248
1684185758 1223065600
1684185763 1234817024
1684185768 1267564544
1684185773 1323896832
1684185778 1327599616
1684185783 1386397696
1684185788 1394225152
1684185793 1403281408
1684185798 1400303616
1684185803 1398710272
1684185808 1428103168
1684185813 1460604928
1684185818 1486254080
1684185823 1494032384
1684185828 1495465984
1684185833 1511411712
1684185838 1548795904
1684185843 1606496256
1684185848 1141104640
1684185853 570220544
